生成启动时间为 2017/10/17 星期二 11:16:49。
     1>项目“F:\github\Bank\Bank\Bank.vcxproj”在节点 2 上(Build 个目标)。
     1>ClCompile:
         C:\Program Files (x86)\Microsoft Visual Studio 12.0\VC\bin\CL.exe /c /ZI /nologo /W3 /WX- /sdl- /Od /Oy- /D _CRT_SECURE_NO_WARNINGS /D WIN32 /D _WINDOWS /D _DEBUG /D _USE_32BIT_TIME_T /D _UNICODE /D UNICODE /D _AFXDLL /Gm /EHsc /RTC1 /MDd /GS /fp:precise /Zc:wchar_t /Zc:forScope /Yc"stdafx.h" /Fp"Debug\Bank.pch" /Fo"Debug\\" /Fd"Debug\vc120.pdb" /FR"Debug\\" /Gd /TP /analyze- /errorReport:prompt stdafx.cpp
         stdafx.cpp
         C:\Program Files (x86)\Microsoft Visual Studio 12.0\VC\bin\CL.exe /c /ZI /nologo /W3 /WX- /sdl- /Od /Oy- /D _CRT_SECURE_NO_WARNINGS /D WIN32 /D _WINDOWS /D _DEBUG /D _USE_32BIT_TIME_T /D _UNICODE /D UNICODE /D _AFXDLL /Gm /EHsc /RTC1 /MDd /GS /fp:precise /Zc:wchar_t /Zc:forScope /Yu"stdafx.h" /Fp"Debug\Bank.pch" /Fo"Debug\\" /Fd"Debug\vc120.pdb" /FR"Debug\\" /Gd /TP /analyze- /errorReport:prompt AddCustomer.cpp BanLiKa.cpp Bank.cpp BankDlg.cpp Card.cpp Carddao.cpp Customer.cpp CustomerDao.cpp GuanYu.cpp Staff.cpp StaffDao.cpp Tookit.cpp ZhuJieMian_dlg.cpp
         ZhuJieMian_dlg.cpp
         Tookit.cpp
         StaffDao.cpp
         Staff.cpp
         GuanYu.cpp
         CustomerDao.cpp
         Customer.cpp
         Carddao.cpp
         Card.cpp
         BankDlg.cpp
         Bank.cpp
         BanLiKa.cpp
         AddCustomer.cpp
         正在生成代码...
       ResourceCompile:
         C:\Program Files (x86)\Windows Kits\8.1\bin\x86\rc.exe /D _DEBUG /D _UNICODE /D UNICODE /D _AFXDLL /l"0x0804" /IDebug\ /nologo /fo"Debug\Bank.res" Bank.rc 
       Link:
         C:\Program Files (x86)\Microsoft Visual Studio 12.0\VC\bin\link.exe /ERRORREPORT:PROMPT /OUT:"F:\github\Bank\Bank\Debug\Bank.exe" /INCREMENTAL /NOLOGO /MANIFEST /MANIFESTUAC:"level='asInvoker' uiAccess='false'" /manifest:embed /manifestinput:"C:\Program Files (x86)\Microsoft Visual Studio 12.0\VC\Include\Manifest\dpiaware.manifest" /DEBUG /PDB:"F:\github\Bank\Bank\Debug\Bank.pdb" /SUBSYSTEM:WINDOWS /TLBID:1 /ENTRY:"wWinMainCRTStartup" /DYNAMICBASE /NXCOMPAT /IMPLIB:"F:\github\Bank\Bank\Debug\Bank.lib" /MACHINE:X86 Debug\Bank.res
         Debug\AddCustomer.obj
         Debug\Bank.obj
         Debug\BankDlg.obj
         Debug\BanLiKa.obj
         Debug\Card.obj
         Debug\Carddao.obj
         Debug\Customer.obj
         Debug\CustomerDao.obj
         Debug\GuanYu.obj
         Debug\Staff.obj
         Debug\StaffDao.obj
         Debug\stdafx.obj
         Debug\Tookit.obj
         Debug\ZhuJieMian_dlg.obj
         Bank.vcxproj -> F:\github\Bank\Bank\Debug\Bank.exe
       BscMake:
         C:\Program Files (x86)\Microsoft Visual Studio 12.0\VC\bin\bscmake.exe /nologo /o"F:\github\Bank\Bank\Debug\Bank.bsc" /n Debug\AddCustomer.sbr Debug\Bank.sbr Debug\BankDlg.sbr Debug\BanLiKa.sbr Debug\Card.sbr Debug\Carddao.sbr Debug\Customer.sbr Debug\CustomerDao.sbr Debug\GuanYu.sbr Debug\Staff.sbr Debug\StaffDao.sbr Debug\stdafx.sbr Debug\Tookit.sbr Debug\ZhuJieMian_dlg.sbr
     1>已完成生成项目“F:\github\Bank\Bank\Bank.vcxproj”(Build 个目标)的操作。

生成成功。

已用时间 00:00:10.65
