d:\visual studio 2012\bank\bank\debug\bank.pch
d:\visual studio 2012\bank\bank\debug\stdafx.obj
d:\visual studio 2012\bank\bank\debug\vc110.pdb
d:\visual studio 2012\bank\bank\debug\addcustomer.obj
d:\visual studio 2012\bank\bank\debug\bank.obj
d:\visual studio 2012\bank\bank\debug\customer.obj
d:\visual studio 2012\bank\bank\debug\staff.obj
d:\visual studio 2012\bank\bank\debug\staffdao.obj
d:\visual studio 2012\bank\bank\debug\tookit.obj
d:\visual studio 2012\bank\bank\debug\zhujiemian_dlg.obj
d:\visual studio 2012\bank\bank\debug\bankdlg.obj
d:\visual studio 2012\bank\bank\debug\customerdao.obj
d:\visual studio 2012\bank\bank\debug\guanyu.obj
d:\visual studio 2012\bank\bank\debug\card.obj
d:\visual studio 2012\bank\bank\debug\banlika.obj
d:\visual studio 2012\bank\bank\debug\carddao.obj
d:\visual studio 2012\bank\bank\debug\bank.ilk
d:\visual studio 2012\bank\bank\debug\bank.exe
d:\visual studio 2012\bank\bank\debug\bank.pdb
d:\visual studio 2012\bank\bank\debug\bank.res
f:\visual studio 2013\bank\bank\debug\addcustomer.obj
f:\visual studio 2013\bank\bank\debug\bank.obj
f:\visual studio 2013\bank\bank\debug\bankdlg.obj
f:\visual studio 2013\bank\bank\debug\banlika.obj
f:\visual studio 2013\bank\bank\debug\card.obj
f:\visual studio 2013\bank\bank\debug\carddao.obj
f:\visual studio 2013\bank\bank\debug\customer.obj
f:\visual studio 2013\bank\bank\debug\customerdao.obj
f:\visual studio 2013\bank\bank\debug\guanyu.obj
f:\visual studio 2013\bank\bank\debug\staff.obj
f:\visual studio 2013\bank\bank\debug\staffdao.obj
f:\visual studio 2013\bank\bank\debug\stdafx.obj
f:\visual studio 2013\bank\bank\debug\tookit.obj
f:\visual studio 2013\bank\bank\debug\zhujiemian_dlg.obj
f:\visual studio 2013\bank\bank\debug\bank.ilk
f:\visual studio 2013\bank\bank\debug\cl.command.1.tlog
f:\visual studio 2013\bank\bank\debug\cl.read.1.tlog
f:\visual studio 2013\bank\bank\debug\cl.write.1.tlog
f:\visual studio 2013\bank\bank\debug\link-cvtres.read.1.tlog
f:\visual studio 2013\bank\bank\debug\link-cvtres.write.1.tlog
f:\visual studio 2013\bank\bank\debug\link-mt.read.1.tlog
f:\visual studio 2013\bank\bank\debug\link-mt.write.1.tlog
f:\visual studio 2013\bank\bank\debug\link-rc.read.1.tlog
f:\visual studio 2013\bank\bank\debug\link-rc.write.1.tlog
f:\visual studio 2013\bank\bank\debug\link.1172-cvtres.read.1.tlog
f:\visual studio 2013\bank\bank\debug\link.1172-cvtres.write.1.tlog
f:\visual studio 2013\bank\bank\debug\link.1172-mt.read.1.tlog
f:\visual studio 2013\bank\bank\debug\link.1172-mt.write.1.tlog
f:\visual studio 2013\bank\bank\debug\link.1172-rc.read.1.tlog
f:\visual studio 2013\bank\bank\debug\link.1172-rc.write.1.tlog
f:\visual studio 2013\bank\bank\debug\link.1172.read.1.tlog
f:\visual studio 2013\bank\bank\debug\link.1172.write.1.tlog
f:\visual studio 2013\bank\bank\debug\link.2380-cvtres.read.1.tlog
f:\visual studio 2013\bank\bank\debug\link.2380-cvtres.write.1.tlog
f:\visual studio 2013\bank\bank\debug\link.2380-mt.read.1.tlog
f:\visual studio 2013\bank\bank\debug\link.2380-mt.write.1.tlog
f:\visual studio 2013\bank\bank\debug\link.2380-rc.read.1.tlog
f:\visual studio 2013\bank\bank\debug\link.2380-rc.write.1.tlog
f:\visual studio 2013\bank\bank\debug\link.2380.read.1.tlog
f:\visual studio 2013\bank\bank\debug\link.2380.write.1.tlog
f:\visual studio 2013\bank\bank\debug\link.3344-cvtres.read.1.tlog
f:\visual studio 2013\bank\bank\debug\link.3344-cvtres.write.1.tlog
f:\visual studio 2013\bank\bank\debug\link.3344-mt.read.1.tlog
f:\visual studio 2013\bank\bank\debug\link.3344-mt.write.1.tlog
f:\visual studio 2013\bank\bank\debug\link.3344-rc.read.1.tlog
f:\visual studio 2013\bank\bank\debug\link.3344-rc.write.1.tlog
f:\visual studio 2013\bank\bank\debug\link.3344.read.1.tlog
f:\visual studio 2013\bank\bank\debug\link.3344.write.1.tlog
f:\visual studio 2013\bank\bank\debug\link.3640-cvtres.read.1.tlog
f:\visual studio 2013\bank\bank\debug\link.3640-cvtres.write.1.tlog
f:\visual studio 2013\bank\bank\debug\link.3640-mt.read.1.tlog
f:\visual studio 2013\bank\bank\debug\link.3640-mt.write.1.tlog
f:\visual studio 2013\bank\bank\debug\link.3640-rc.read.1.tlog
f:\visual studio 2013\bank\bank\debug\link.3640-rc.write.1.tlog
f:\visual studio 2013\bank\bank\debug\link.3640.read.1.tlog
f:\visual studio 2013\bank\bank\debug\link.3640.write.1.tlog
f:\visual studio 2013\bank\bank\debug\link.3784-cvtres.read.1.tlog
f:\visual studio 2013\bank\bank\debug\link.3784-cvtres.write.1.tlog
f:\visual studio 2013\bank\bank\debug\link.3784-mt.read.1.tlog
f:\visual studio 2013\bank\bank\debug\link.3784-mt.write.1.tlog
f:\visual studio 2013\bank\bank\debug\link.3784-rc.read.1.tlog
f:\visual studio 2013\bank\bank\debug\link.3784-rc.write.1.tlog
f:\visual studio 2013\bank\bank\debug\link.3784.read.1.tlog
f:\visual studio 2013\bank\bank\debug\link.3784.write.1.tlog
f:\visual studio 2013\bank\bank\debug\link.4040-cvtres.read.1.tlog
f:\visual studio 2013\bank\bank\debug\link.4040-cvtres.write.1.tlog
f:\visual studio 2013\bank\bank\debug\link.4040-mt.read.1.tlog
f:\visual studio 2013\bank\bank\debug\link.4040-mt.write.1.tlog
f:\visual studio 2013\bank\bank\debug\link.4040-rc.read.1.tlog
f:\visual studio 2013\bank\bank\debug\link.4040-rc.write.1.tlog
f:\visual studio 2013\bank\bank\debug\link.4040.read.1.tlog
f:\visual studio 2013\bank\bank\debug\link.4040.write.1.tlog
f:\visual studio 2013\bank\bank\debug\link.4240-cvtres.read.1.tlog
f:\visual studio 2013\bank\bank\debug\link.4240-cvtres.write.1.tlog
f:\visual studio 2013\bank\bank\debug\link.4240-mt.read.1.tlog
f:\visual studio 2013\bank\bank\debug\link.4240-mt.write.1.tlog
f:\visual studio 2013\bank\bank\debug\link.4240-rc.read.1.tlog
f:\visual studio 2013\bank\bank\debug\link.4240-rc.write.1.tlog
f:\visual studio 2013\bank\bank\debug\link.4240.read.1.tlog
f:\visual studio 2013\bank\bank\debug\link.4240.write.1.tlog
f:\visual studio 2013\bank\bank\debug\link.4496-cvtres.read.1.tlog
f:\visual studio 2013\bank\bank\debug\link.4496-cvtres.write.1.tlog
f:\visual studio 2013\bank\bank\debug\link.4496-mt.read.1.tlog
f:\visual studio 2013\bank\bank\debug\link.4496-mt.write.1.tlog
f:\visual studio 2013\bank\bank\debug\link.4496-rc.read.1.tlog
f:\visual studio 2013\bank\bank\debug\link.4496-rc.write.1.tlog
f:\visual studio 2013\bank\bank\debug\link.4496.read.1.tlog
f:\visual studio 2013\bank\bank\debug\link.4496.write.1.tlog
f:\visual studio 2013\bank\bank\debug\link.4560-cvtres.read.1.tlog
f:\visual studio 2013\bank\bank\debug\link.4560-cvtres.write.1.tlog
f:\visual studio 2013\bank\bank\debug\link.4560-mt.read.1.tlog
f:\visual studio 2013\bank\bank\debug\link.4560-mt.write.1.tlog
f:\visual studio 2013\bank\bank\debug\link.4560-rc.read.1.tlog
f:\visual studio 2013\bank\bank\debug\link.4560-rc.write.1.tlog
f:\visual studio 2013\bank\bank\debug\link.4560.read.1.tlog
f:\visual studio 2013\bank\bank\debug\link.4560.write.1.tlog
f:\visual studio 2013\bank\bank\debug\link.4672-cvtres.read.1.tlog
f:\visual studio 2013\bank\bank\debug\link.4672-cvtres.write.1.tlog
f:\visual studio 2013\bank\bank\debug\link.4672-mt.read.1.tlog
f:\visual studio 2013\bank\bank\debug\link.4672-mt.write.1.tlog
f:\visual studio 2013\bank\bank\debug\link.4672-rc.read.1.tlog
f:\visual studio 2013\bank\bank\debug\link.4672-rc.write.1.tlog
f:\visual studio 2013\bank\bank\debug\link.4672.read.1.tlog
f:\visual studio 2013\bank\bank\debug\link.4672.write.1.tlog
f:\visual studio 2013\bank\bank\debug\link.5260-cvtres.read.1.tlog
f:\visual studio 2013\bank\bank\debug\link.5260-cvtres.write.1.tlog
f:\visual studio 2013\bank\bank\debug\link.5260-mt.read.1.tlog
f:\visual studio 2013\bank\bank\debug\link.5260-mt.write.1.tlog
f:\visual studio 2013\bank\bank\debug\link.5260-rc.read.1.tlog
f:\visual studio 2013\bank\bank\debug\link.5260-rc.write.1.tlog
f:\visual studio 2013\bank\bank\debug\link.5260.read.1.tlog
f:\visual studio 2013\bank\bank\debug\link.5260.write.1.tlog
f:\visual studio 2013\bank\bank\debug\link.5396-cvtres.read.1.tlog
f:\visual studio 2013\bank\bank\debug\link.5396-cvtres.write.1.tlog
f:\visual studio 2013\bank\bank\debug\link.5396-mt.read.1.tlog
f:\visual studio 2013\bank\bank\debug\link.5396-mt.write.1.tlog
f:\visual studio 2013\bank\bank\debug\link.5396-rc.read.1.tlog
f:\visual studio 2013\bank\bank\debug\link.5396-rc.write.1.tlog
f:\visual studio 2013\bank\bank\debug\link.5396.read.1.tlog
f:\visual studio 2013\bank\bank\debug\link.5396.write.1.tlog
f:\visual studio 2013\bank\bank\debug\link.8400-cvtres.read.1.tlog
f:\visual studio 2013\bank\bank\debug\link.8400-cvtres.write.1.tlog
f:\visual studio 2013\bank\bank\debug\link.8400-mt.read.1.tlog
f:\visual studio 2013\bank\bank\debug\link.8400-mt.write.1.tlog
f:\visual studio 2013\bank\bank\debug\link.8400-rc.read.1.tlog
f:\visual studio 2013\bank\bank\debug\link.8400-rc.write.1.tlog
f:\visual studio 2013\bank\bank\debug\link.8400.read.1.tlog
f:\visual studio 2013\bank\bank\debug\link.8400.write.1.tlog
f:\visual studio 2013\bank\bank\debug\link.command.1.tlog
f:\visual studio 2013\bank\bank\debug\link.read.1.tlog
f:\visual studio 2013\bank\bank\debug\link.write.1.tlog
f:\visual studio 2013\bank\bank\debug\rc.command.1.tlog
f:\visual studio 2013\bank\bank\debug\rc.read.1.tlog
f:\visual studio 2013\bank\bank\debug\rc.write.1.tlog
f:\visual studio 2013\bank\bank\debug\bank.res
f:\visual studio 2013\bank\bank\debug\bank.pch
f:\visual studio 2013\bank\bank\debug\vc110.idb
f:\visual studio 2013\bank\bank\debug\bank.pdb
f:\visual studio 2013\bank\bank\debug\vc110.pdb
f:\visual studio 2013\bank\bank\debug\bank.exe
